{
"contracts/FundMe.sol":{"l":{"34":0,"35":0,"39":3,"40":3,"44":0,"48":0,"52":2,"57":0,"58":0,"63":0,"66":0,"70":0,"75":0,"76":0,"78":0,"85":0,"88":0},"path":"/Users/sw33tlew5th/hardhat-fund-me/contracts/FundMe.sol","s":{"1":0,"2":0,"3":2,"4":0,"5":0,"6":0,"7":0,"8":0,"9":0,"10":0},"b":{"1":[0,0],"2":[0,2],"3":[0,0],"4":[0,0]},"f":{"1":0,"2":3,"3":0,"4":2,"5":0,"6":0},"fnMap":{"1":{"name":"onlyOwner","line":32,"loc":{"start":{"line":32,"column":4},"end":{"line":36,"column":4}}},"2":{"name":"constructor","line":38,"loc":{"start":{"line":38,"column":4},"end":{"line":41,"column":4}}},"3":{"name":null,"line":43,"loc":{"start":{"line":43,"column":4},"end":{"line":45,"column":4}}},"4":{"name":"fund","line":51,"loc":{"start":{"line":51,"column":4},"end":{"line":59,"column":4}}},"5":{"name":"getVersion","line":61,"loc":{"start":{"line":61,"column":4},"end":{"line":67,"column":4}}},"6":{"name":"withdraw","line":69,"loc":{"start":{"line":69,"column":4},"end":{"line":89,"column":4}}}},"statementMap":{"1":{"start":{"line":34,"column":8},"end":{"line":34,"column":60}},"2":{"start":{"line":44,"column":8},"end":{"line":44,"column":13}},"3":{"start":{"line":52,"column":8},"end":{"line":52,"column":1349}},"4":{"start":{"line":58,"column":8},"end":{"line":58,"column":31}},"5":{"start":{"line":63,"column":8},"end":{"line":63,"column":1810}},"6":{"start":{"line":66,"column":8},"end":{"line":66,"column":34}},"7":{"start":{"line":70,"column":8},"end":{"line":70,"column":2026}},"8":{"start":{"line":75,"column":12},"end":{"line":75,"column":49}},"9":{"start":{"line":85,"column":8},"end":{"line":85,"column":2555}},"10":{"start":{"line":88,"column":8},"end":{"line":88,"column":42}}},"branchMap":{"1":{"line":34,"type":"if","locations":[{"start":{"line":34,"column":8},"end":{"line":34,"column":8}},{"start":{"line":34,"column":8},"end":{"line":34,"column":8}}]},"2":{"line":52,"type":"if","locations":[{"start":{"line":52,"column":8},"end":{"line":52,"column":8}},{"start":{"line":52,"column":8},"end":{"line":52,"column":8}}]},"3":{"line":69,"type":"if","locations":[{"start":{"line":69,"column":31},"end":{"line":69,"column":31}},{"start":{"line":69,"column":31},"end":{"line":69,"column":31}}]},"4":{"line":88,"type":"if","locations":[{"start":{"line":88,"column":8},"end":{"line":88,"column":8}},{"start":{"line":88,"column":8},"end":{"line":88,"column":8}}]}}},
"contracts/MockV3Aggregator.sol":{"l":{},"path":"/Users/sw33tlew5th/hardhat-fund-me/contracts/MockV3Aggregator.sol","s":{},"b":{},"f":{},"fnMap":{},"statementMap":{},"branchMap":{}},
"contracts/PriceConverter.sol":{"l":{"16":2,"18":2,"28":2,"29":2,"33":2},"path":"/Users/sw33tlew5th/hardhat-fund-me/contracts/PriceConverter.sol","s":{"1":2,"2":2,"3":2,"4":2,"5":2},"b":{},"f":{"1":2,"2":2},"fnMap":{"1":{"name":"getPrice","line":10,"loc":{"start":{"line":10,"column":4},"end":{"line":21,"column":4}}},"2":{"name":"getConversionRate","line":24,"loc":{"start":{"line":24,"column":4},"end":{"line":34,"column":4}}}},"statementMap":{"1":{"start":{"line":16,"column":8},"end":{"line":16,"column":61}},"2":{"start":{"line":18,"column":8},"end":{"line":18,"column":44}},"3":{"start":{"line":28,"column":8},"end":{"line":28,"column":46}},"4":{"start":{"line":29,"column":8},"end":{"line":29,"column":77}},"5":{"start":{"line":33,"column":8},"end":{"line":33,"column":29}}},"branchMap":{}}}
