TN:
SF:/Users/sw33tlew5th/hardhat-fund-me/contracts/FundMe.sol
FN:32,onlyOwner
FN:38,constructor
FN:43,
FN:51,fund
FN:61,getVersion
FN:69,withdraw
FNF:6
FNH:2
FNDA:0,onlyOwner
FNDA:3,constructor
FNDA:0,
FNDA:2,fund
FNDA:0,getVersion
FNDA:0,withdraw
DA:34,0
DA:35,0
DA:39,3
DA:40,3
DA:44,0
DA:48,0
DA:52,2
DA:57,0
DA:58,0
DA:63,0
DA:66,0
DA:70,0
DA:75,0
DA:76,0
DA:78,0
DA:85,0
DA:88,0
LF:17
LH:3
BRDA:34,1,0,0
BRDA:34,1,1,0
BRDA:52,2,0,0
BRDA:52,2,1,2
BRDA:69,3,0,0
BRDA:69,3,1,0
BRDA:88,4,0,0
BRDA:88,4,1,0
BRF:8
BRH:1
end_of_record
TN:
SF:/Users/sw33tlew5th/hardhat-fund-me/contracts/MockV3Aggregator.sol
FNF:0
FNH:0
LF:0
LH:0
BRF:0
BRH:0
end_of_record
TN:
SF:/Users/sw33tlew5th/hardhat-fund-me/contracts/PriceConverter.sol
FN:10,getPrice
FN:24,getConversionRate
FNF:2
FNH:2
FNDA:2,getPrice
FNDA:2,getConversionRate
DA:16,2
DA:18,2
DA:28,2
DA:29,2
DA:33,2
LF:5
LH:5
BRF:0
BRH:0
end_of_record
